<?xml version="1.0" encoding="UTF-8"?>
<!-- Generated by org.testng.reporters.JUnitXMLReporter -->
<testsuite hostname="sramakro" ignored="0" name="Sample test1" tests="6" failures="0" timestamp="21 Dec 2018 05:54:25 GMT" time="181.674" errors="0">
  <testcase name="validLoginTest" time="5.149" classname="com.training.sanity.tests.LoginTests"/>
  <testcase name="validAdminTest" time="30.401" classname="com.training.sanity.tests.Add_Classes"/>
  <testcase name="validSuscribeTest" time="30.298" classname="com.training.sanity.tests.Add_Suscribers"/>
  <testcase name="validCourseTest" time="25.88" classname="com.training.sanity.tests.Add_Courses"/>
  <testcase name="validDeleteTest" time="17.002" classname="com.training.sanity.tests.Delete_Item"/>
  <testcase name="validDeleteTest" time="10.301" classname="com.training.sanity.tests.Logout"/>
</testsuite> <!-- Sample test1 -->
