<?xml version="1.0" encoding="UTF-8"?>
<!-- Generated by org.testng.reporters.JUnitXMLReporter -->
<testsuite hostname="sramakro" ignored="0" name="Sample test1" tests="5" failures="0" timestamp="27 Dec 2018 06:15:11 GMT" time="305.204" errors="0">
  <testcase name="validLoginTest" time="37.919" classname="com.training.secondset.tests.TestCase56"/>
  <testcase name="validLoginTest" time="45.347" classname="com.training.secondset.tests.TestCase57"/>
  <testcase name="validLoginTest" time="34.445" classname="com.training.secondset.tests.TestCase58"/>
  <testcase name="validLoginTest" time="66.401" classname="com.training.secondset.tests.TestCase59"/>
  <testcase name="validLoginTest" time="66.999" classname="com.training.secondset.tests.TestCase60"/>
</testsuite> <!-- Sample test1 -->
